<?xml version="1.0" encoding="UTF-8"?>
<!-- Generated by org.testng.reporters.JUnitReportReporter -->
<testsuite hostname="AMBAL" failures="0" tests="1" name="com.sevenrmartsupermarket.tests.HomeTest" time="8.153" errors="0" timestamp="2023-05-12T16:24:47 IST" skipped="0">
  <testcase classname="com.sevenrmartsupermarket.tests.HomeTest" name="verifyPushNotification" time="8.153"/>
  <system-out/>
</testsuite> <!-- com.sevenrmartsupermarket.tests.HomeTest -->
