<?xml version="1.0" encoding="UTF-8"?>
<!-- Generated by org.testng.reporters.JUnitReportReporter -->
<testsuite hostname="AMBAL" failures="0" tests="1" name="com.sevenrmartsupermarket.tests.ManageUsersTest" time="11.778" errors="0" timestamp="2023-05-15T22:11:45 IST" skipped="0">
  <testcase classname="com.sevenrmartsupermarket.tests.ManageUsersTest" name="verifyStatusChangingButton" time="11.778"/>
  <system-out/>
</testsuite> <!-- com.sevenrmartsupermarket.tests.ManageUsersTest -->
