<?xml version="1.0" encoding="UTF-8"?>
<!-- Generated by org.testng.reporters.JUnitReportReporter -->
<testsuite hostname="AMBAL" failures="0" tests="1" name="com.sevenrmartsupermarket.tests.PushNotificationTest" time="11.503" errors="0" timestamp="2023-05-16T22:12:00 IST" skipped="0">
  <testcase classname="com.sevenrmartsupermarket.tests.PushNotificationTest" name="verifyPushNotification" time="11.503"/>
  <system-out/>
</testsuite> <!-- com.sevenrmartsupermarket.tests.PushNotificationTest -->
