<?xml version="1.0" encoding="UTF-8"?>
<!-- Generated by org.testng.reporters.JUnitReportReporter -->
<testsuite hostname="AMBAL" failures="0" tests="1" name="com.sevenrmartsupermarket.tests.AdminUsersTest" time="9.194" errors="0" timestamp="2023-05-23T21:27:42 IST" skipped="0">
  <testcase classname="com.sevenrmartsupermarket.tests.AdminUsersTest" name="verifyNewUserAdd" time="9.194"/>
  <system-out/>
</testsuite> <!-- com.sevenrmartsupermarket.tests.AdminUsersTest -->
