<?xml version="1.0" encoding="UTF-8"?>
<!-- Generated by org.testng.reporters.JUnitReportReporter -->
<testsuite hostname="AMBAL" failures="0" tests="1" name="com.sevenrmartsupermarket.tests.AdminUsersTest" time="10.043" errors="0" timestamp="2023-05-17T15:59:19 IST" skipped="0">
  <testcase classname="com.sevenrmartsupermarket.tests.AdminUsersTest" name="verifyNewUserAdd" time="10.043"/>
  <system-out/>
</testsuite> <!-- com.sevenrmartsupermarket.tests.AdminUsersTest -->
