<?xml version="1.0" encoding="UTF-8"?>
<!-- Generated by org.testng.reporters.JUnitReportReporter -->
<testsuite hostname="AMBAL" failures="0" tests="1" name="com.sevenrmartsupermarket.tests.ExpenseCategoryTest" time="10.709" errors="0" timestamp="2023-05-23T16:09:26 IST" skipped="0">
  <testcase classname="com.sevenrmartsupermarket.tests.ExpenseCategoryTest" name="verifyEditFunctionalityByAddingTimestamp" time="10.709"/>
  <system-out/>
</testsuite> <!-- com.sevenrmartsupermarket.tests.ExpenseCategoryTest -->
